[debug] [2022-06-26T14:47:56.050Z] ----------------------------------------------------------------------
[debug] [2022-06-26T14:47:56.051Z] Command:       /Users/kbmin/.nvm/versions/node/v14.19.1/bin/node /Users/kbmin/.nvm/versions/node/v14.19.1/bin/firebase init
[debug] [2022-06-26T14:47:56.051Z] CLI Version:   11.1.0
[debug] [2022-06-26T14:47:56.051Z] Platform:      darwin
[debug] [2022-06-26T14:47:56.051Z] Node Version:  v14.19.1
[debug] [2022-06-26T14:47:56.052Z] Time:          Sun Jun 26 2022 23:47:56 GMT+0900 (대한민국 표준시)
[debug] [2022-06-26T14:47:56.052Z] ----------------------------------------------------------------------
[debug] 
[debug] [2022-06-26T14:47:56.059Z] > command requires scopes: ["email","openid","https://www.googleapis.com/auth/cloudplatformprojects.readonly","https://www.googleapis.com/auth/firebase","https://www.googleapis.com/auth/cloud-platform"]
[debug] [2022-06-26T14:47:56.059Z] > authorizing via signed-in user (kbmin1129@gmail.com)
[info] 
     ######## #### ########  ######## ########     ###     ######  ########
     ##        ##  ##     ## ##       ##     ##  ##   ##  ##       ##
     ######    ##  ########  ######   ########  #########  ######  ######
     ##        ##  ##    ##  ##       ##     ## ##     ##       ## ##
     ##       #### ##     ## ######## ########  ##     ##  ######  ########

You're about to initialize a Firebase project in this directory:

  /Users/kbmin/Development/Projects/playground

[info] 
=== Project Setup
[info] 
[info] First, let's associate this project directory with a Firebase project.
[info] You can create multiple project aliases by running firebase use --add, 
[info] but for now we'll just set up a default project.
[info] 
[debug] [2022-06-26T14:48:23.668Z] >>> [apiv2][query] GET https://firebase.googleapis.com/v1beta1/projects pageSize=100
[debug] [2022-06-26T14:48:24.417Z] <<< [apiv2][status] GET https://firebase.googleapis.com/v1beta1/projects 200
[debug] [2022-06-26T14:48:24.418Z] <<< [apiv2][body] GET https://firebase.googleapis.com/v1beta1/projects [omitted]
[info] i  Using project playground-adade (playground) 
[info] 
=== Hosting Setup
[info] 
[info] Your public directory is the folder (relative to your project directory) that
[info] will contain Hosting assets to be uploaded with firebase deploy. If you
[info] have a build process for your assets, use your build's output directory.
[info] 
[info] ✔  Wrote public/404.html 
[debug] [2022-06-26T14:48:56.808Z] >>> [apiv2][query] GET https://www.gstatic.com/firebasejs/releases.json [none]
[debug] [2022-06-26T14:48:57.025Z] <<< [apiv2][status] GET https://www.gstatic.com/firebasejs/releases.json 200
[debug] [2022-06-26T14:48:57.026Z] <<< [apiv2][body] GET https://www.gstatic.com/firebasejs/releases.json {"current":{"version":"9.8.4","browserURL":"https://www.gstatic.com/firebasejs/9.8.4/firebase.js","packageURL":"https://www.gstatic.com/firebasejs/9.8.4/firebase.tgz"},"live":{"version":"9.8","browserURL":"https://www.gstatic.com/firebasejs/live/9.8/firebase.js","packageURL":"https://www.gstatic.com/firebasejs/live/9.8/firebase.tgz"},"components":{"analytics":"https://www.gstatic.com/firebasejs/9.8.4/firebase-analytics.js","app":"https://www.gstatic.com/firebasejs/9.8.4/firebase-app.js","app-check":"https://www.gstatic.com/firebasejs/9.8.4/firebase-app-check.js","auth":"https://www.gstatic.com/firebasejs/9.8.4/firebase-auth.js","auth/cordova":"https://www.gstatic.com/firebasejs/9.8.4/firebase-auth/cordova.js","auth/react-native":"https://www.gstatic.com/firebasejs/9.8.4/firebase-auth/react-native.js","functions":"https://www.gstatic.com/firebasejs/9.8.4/firebase-functions.js","firestore":"https://www.gstatic.com/firebasejs/9.8.4/firebase-firestore.js","firestore/lite":"https://www.gstatic.com/firebasejs/9.8.4/firebase-firestore/lite.js","storage":"https://www.gstatic.com/firebasejs/9.8.4/firebase-storage.js","performance":"https://www.gstatic.com/firebasejs/9.8.4/firebase-performance.js","remote-config":"https://www.gstatic.com/firebasejs/9.8.4/firebase-remote-config.js","messaging":"https://www.gstatic.com/firebasejs/9.8.4/firebase-messaging.js","messaging/sw":"https://www.gstatic.com/firebasejs/9.8.4/firebase-messaging/sw.js","database":"https://www.gstatic.com/firebasejs/9.8.4/firebase-database.js","firestore.memory":"https://www.gstatic.com/firebasejs/9.8.4/firebase-firestore.memory.js"}}
[info] i  Skipping write of public/index.html 
[info] 
[info] i  Detected a .git folder at /Users/kbmin/Development/Projects/playground 
[info] i  Authorizing with GitHub to upload your service account to a GitHub repository's secrets store. 
[info] 
[info] Visit this URL on this device to log in:
[info] https://github.com/login/oauth/authorize?client_id=89cf50f02ac6aaed3484&state=267462916&redirect_uri=http%3A%2F%2Flocalhost%3A9005&scope=read%3Auser%20repo%20public_repo
[info] 
[info] Waiting for authentication...
[debug] [2022-06-26T14:49:06.219Z] >>> [apiv2][query] POST https://github.com/login/oauth/access_token [none]
[debug] [2022-06-26T14:49:06.219Z] >>> [apiv2][body] POST https://github.com/login/oauth/access_token [stream]
[debug] [2022-06-26T14:49:06.589Z] <<< [apiv2][status] POST https://github.com/login/oauth/access_token 200
[debug] [2022-06-26T14:49:06.590Z] <<< [apiv2][body] POST https://github.com/login/oauth/access_token {"access_token":"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","token_type":"bearer","scope":"read:user,repo"}
[debug] [2022-06-26T14:49:06.595Z] >>> [apiv2][query] GET https://api.github.com/user [none]
[debug] [2022-06-26T14:49:06.926Z] <<< [apiv2][status] GET https://api.github.com/user 200
[debug] [2022-06-26T14:49:06.927Z] <<< [apiv2][body] GET https://api.github.com/user {"login":"minr2kb","id":77144827,"node_id":"MDQ6VXNlcjc3MTQ0ODI3","avatar_url":"https://avatars.githubusercontent.com/u/77144827?v=4","gravatar_id":"","url":"https://api.github.com/users/minr2kb","html_url":"https://github.com/minr2kb","followers_url":"https://api.github.com/users/minr2kb/followers","following_url":"https://api.github.com/users/minr2kb/following{/other_user}","gists_url":"https://api.github.com/users/minr2kb/gists{/gist_id}","starred_url":"https://api.github.com/users/minr2kb/starred{/owner}{/repo}","subscriptions_url":"https://api.github.com/users/minr2kb/subscriptions","organizations_url":"https://api.github.com/users/minr2kb/orgs","repos_url":"https://api.github.com/users/minr2kb/repos","events_url":"https://api.github.com/users/minr2kb/events{/privacy}","received_events_url":"https://api.github.com/users/minr2kb/received_events","type":"User","site_admin":false,"name":"Kyungbae Min","company":"SUNY Korea","blog":"https://www.notion.so/minr2kb/Kyungbae-s-WorkSPACE-abe63ade54df4651926b6607b9c6f870","location":"Incheon","email":null,"hireable":null,"bio":"Applied Mathematics and Statistics major / Computer Science minor","twitter_username":null,"public_repos":18,"public_gists":0,"followers":5,"following":6,"created_at":"2021-01-08T08:09:34Z","updated_at":"2022-06-23T09:03:40Z","private_gists":0,"total_private_repos":4,"owned_private_repos":4,"disk_usage":262069,"collaborators":2,"two_factor_authentication":false,"plan":{"name":"pro","space":976562499,"collaborators":0,"private_repos":9999}}
[info] 
[info] ✔  Success! Logged into GitHub as minr2kb 
[info] 
